[debug] [2025-04-23T03:49:21.159Z] ----------------------------------------------------------------------
[debug] [2025-04-23T03:49:21.161Z] Command:       C:\Program Files\nodejs\node.exe C:\Users\hinat\AppData\Roaming\npm\node_modules\firebase-tools\lib\bin\firebase.js init
[debug] [2025-04-23T03:49:21.162Z] CLI Version:   14.2.0
[debug] [2025-04-23T03:49:21.162Z] Platform:      win32
[debug] [2025-04-23T03:49:21.162Z] Node Version:  v20.18.3
[debug] [2025-04-23T03:49:21.162Z] Time:          Wed Apr 23 2025 12:49:21 GMT+0900 (日本標準時)
[debug] [2025-04-23T03:49:21.162Z] ----------------------------------------------------------------------
[debug] 
[debug] [2025-04-23T03:49:21.165Z] >>> [apiv2][query] GET https://firebase-public.firebaseio.com/cli.json [none]
[debug] [2025-04-23T03:49:21.435Z] > command requires scopes: ["email","openid","https://www.googleapis.com/auth/cloudplatformprojects.readonly","https://www.googleapis.com/auth/firebase","https://www.googleapis.com/auth/cloud-platform"]
[debug] [2025-04-23T03:49:21.435Z] > authorizing via signed-in user (hinata.miyauchi@pathoslogos.co.jp)
[info] 
     ######## #### ########  ######## ########     ###     ######  ########
     ##        ##  ##     ## ##       ##     ##  ##   ##  ##       ##
     ######    ##  ########  ######   ########  #########  ######  ######
     ##        ##  ##    ##  ##       ##     ## ##     ##       ## ##
     ##       #### ##     ## ######## ########  ##     ##  ######  ########

You're about to initialize a Firebase project in this directory:

  C:\Users\hinat\donezo10094

Before we get started, keep in mind:

  * You are initializing within an existing Firebase project directory

[debug] [2025-04-23T03:49:21.804Z] <<< [apiv2][status] GET https://firebase-public.firebaseio.com/cli.json 200
[debug] [2025-04-23T03:49:21.806Z] <<< [apiv2][body] GET https://firebase-public.firebaseio.com/cli.json {"cloudBuildErrorAfter":1594252800000,"cloudBuildWarnAfter":1590019200000,"defaultNode10After":1594252800000,"minVersion":"3.0.5","node8DeploysDisabledAfter":1613390400000,"node8RuntimeDisabledAfter":1615809600000,"node8WarnAfter":1600128000000}
[info] 
=== Project Setup
[info] 
[info] First, let's associate this project directory with a Firebase project.
[info] You can create multiple project aliases by running firebase use --add, 
[info] but for now we'll just set up a default project.
[info] 
[debug] [2025-04-23T03:52:23.673Z] Using project from CLI flag: donezo10094
[debug] [2025-04-23T03:52:23.674Z] Checked if tokens are valid: false, expires at: 1745295022220
[debug] [2025-04-23T03:52:23.674Z] Checked if tokens are valid: false, expires at: 1745295022220
[debug] [2025-04-23T03:52:23.674Z] > refreshing access token with scopes: []
[debug] [2025-04-23T03:52:23.675Z] >>> [apiv2][query] POST https://www.googleapis.com/oauth2/v3/token [none]
[debug] [2025-04-23T03:52:23.675Z] >>> [apiv2][body] POST https://www.googleapis.com/oauth2/v3/token [omitted]
[debug] [2025-04-23T03:52:23.847Z] <<< [apiv2][status] POST https://www.googleapis.com/oauth2/v3/token 200
[debug] [2025-04-23T03:52:23.847Z] <<< [apiv2][body] POST https://www.googleapis.com/oauth2/v3/token [omitted]
[debug] [2025-04-23T03:52:23.859Z] >>> [apiv2][query] GET https://firebase.googleapis.com/v1beta1/projects/donezo10094 [none]
[debug] [2025-04-23T03:52:24.219Z] <<< [apiv2][status] GET https://firebase.googleapis.com/v1beta1/projects/donezo10094 200
[debug] [2025-04-23T03:52:24.219Z] <<< [apiv2][body] GET https://firebase.googleapis.com/v1beta1/projects/donezo10094 {"projectId":"donezo10094","projectNumber":"1001244353000","displayName":"donezo10094","name":"projects/donezo10094","resources":{"hostingSite":"donezo10094"},"state":"ACTIVE","etag":"1_ada90fce-da40-4316-8028-2d5cab89be5f"}
[info] i  Using project donezo10094 (donezo10094) 
[info] 
=== Firestore Setup
[debug] [2025-04-23T03:52:24.232Z] Checked if tokens are valid: true, expires at: 1745383942847
[debug] [2025-04-23T03:52:24.232Z] Checked if tokens are valid: true, expires at: 1745383942847
[debug] [2025-04-23T03:52:24.232Z] >>> [apiv2][query] GET https://serviceusage.googleapis.com/v1/projects/donezo10094/services/firestore.googleapis.com [none]
[debug] [2025-04-23T03:52:24.233Z] >>> [apiv2][(partial)header] GET https://serviceusage.googleapis.com/v1/projects/donezo10094/services/firestore.googleapis.com x-goog-quota-user=projects/donezo10094
[debug] [2025-04-23T03:52:25.301Z] <<< [apiv2][status] GET https://serviceusage.googleapis.com/v1/projects/donezo10094/services/firestore.googleapis.com 200
[debug] [2025-04-23T03:52:25.301Z] <<< [apiv2][body] GET https://serviceusage.googleapis.com/v1/projects/donezo10094/services/firestore.googleapis.com [omitted]
[debug] [2025-04-23T03:52:25.301Z] Checked if tokens are valid: true, expires at: 1745383942847
[debug] [2025-04-23T03:52:25.301Z] Checked if tokens are valid: true, expires at: 1745383942847
[debug] [2025-04-23T03:52:25.302Z] >>> [apiv2][query] GET https://firestore.googleapis.com/v1/projects/donezo10094/databases/(default) [none]
[debug] [2025-04-23T03:52:25.499Z] <<< [apiv2][status] GET https://firestore.googleapis.com/v1/projects/donezo10094/databases/(default) 200
[debug] [2025-04-23T03:52:25.499Z] <<< [apiv2][body] GET https://firestore.googleapis.com/v1/projects/donezo10094/databases/(default) {"name":"projects/donezo10094/databases/(default)","uid":"f9189320-4479-4717-8feb-6e9b4198f90f","createTime":"2025-04-18T05:14:47.485161Z","updateTime":"2025-04-18T05:14:47.485161Z","locationId":"asia-northeast1","type":"FIRESTORE_NATIVE","concurrencyMode":"PESSIMISTIC","versionRetentionPeriod":"3600s","earliestVersionTime":"2025-04-23T02:52:24.323799Z","appEngineIntegrationMode":"DISABLED","keyPrefix":"b","pointInTimeRecoveryEnablement":"POINT_IN_TIME_RECOVERY_DISABLED","deleteProtectionState":"DELETE_PROTECTION_DISABLED","databaseEdition":"STANDARD","freeTier":true,"etag":"ILy5r7ug7YwDMNDqlIXq4IwD"}
[debug] [2025-04-23T03:52:25.499Z] database_type: FIRESTORE_NATIVE
[debug] [2025-04-23T03:52:25.499Z] database_type: FIRESTORE_NATIVE
[debug] [2025-04-23T03:52:25.500Z] > command requires scopes: ["email","openid","https://www.googleapis.com/auth/cloudplatformprojects.readonly","https://www.googleapis.com/auth/firebase","https://www.googleapis.com/auth/cloud-platform"]
[debug] [2025-04-23T03:52:25.500Z] > authorizing via signed-in user (hinata.miyauchi@pathoslogos.co.jp)
[debug] [2025-04-23T03:52:25.501Z] [iam] checking project donezo10094 for permissions ["firebase.projects.get"]
[debug] [2025-04-23T03:52:25.501Z] Checked if tokens are valid: true, expires at: 1745383942847
[debug] [2025-04-23T03:52:25.501Z] Checked if tokens are valid: true, expires at: 1745383942847
[debug] [2025-04-23T03:52:25.502Z] >>> [apiv2][query] POST https://cloudresourcemanager.googleapis.com/v1/projects/donezo10094:testIamPermissions [none]
[debug] [2025-04-23T03:52:25.502Z] >>> [apiv2][(partial)header] POST https://cloudresourcemanager.googleapis.com/v1/projects/donezo10094:testIamPermissions x-goog-quota-user=projects/donezo10094
[debug] [2025-04-23T03:52:25.502Z] >>> [apiv2][body] POST https://cloudresourcemanager.googleapis.com/v1/projects/donezo10094:testIamPermissions {"permissions":["firebase.projects.get"]}
[debug] [2025-04-23T03:52:26.175Z] <<< [apiv2][status] POST https://cloudresourcemanager.googleapis.com/v1/projects/donezo10094:testIamPermissions 200
[debug] [2025-04-23T03:52:26.175Z] <<< [apiv2][body] POST https://cloudresourcemanager.googleapis.com/v1/projects/donezo10094:testIamPermissions {"permissions":["firebase.projects.get"]}
[info] 
[info] Firestore Security Rules allow you to define how and when to allow
[info] requests. You can keep these rules in your project directory
[info] and publish them with firebase deploy.
[info] 
[debug] [2025-04-23T03:52:37.310Z] Checked if tokens are valid: true, expires at: 1745383942847
[debug] [2025-04-23T03:52:37.310Z] Checked if tokens are valid: true, expires at: 1745383942847
[debug] [2025-04-23T03:52:37.311Z] >>> [apiv2][query] GET https://firebaserules.googleapis.com/v1/projects/donezo10094/releases pageSize=10&pageToken=
[debug] [2025-04-23T03:52:38.465Z] <<< [apiv2][status] GET https://firebaserules.googleapis.com/v1/projects/donezo10094/releases 200
[debug] [2025-04-23T03:52:38.465Z] <<< [apiv2][body] GET https://firebaserules.googleapis.com/v1/projects/donezo10094/releases {"releases":[{"name":"projects/donezo10094/releases/cloud.firestore","rulesetName":"projects/donezo10094/rulesets/c8bc5514-fc2e-4044-9cde-48f823e6428c","createTime":"2025-04-18T05:14:53.745157Z","updateTime":"2025-04-22T03:10:25.674120Z"}]}
[debug] [2025-04-23T03:52:38.466Z] Found ruleset: projects/donezo10094/rulesets/c8bc5514-fc2e-4044-9cde-48f823e6428c
[debug] [2025-04-23T03:52:38.466Z] Checked if tokens are valid: true, expires at: 1745383942847
[debug] [2025-04-23T03:52:38.467Z] Checked if tokens are valid: true, expires at: 1745383942847
[debug] [2025-04-23T03:52:38.467Z] >>> [apiv2][query] GET https://firebaserules.googleapis.com/v1/projects/donezo10094/rulesets/c8bc5514-fc2e-4044-9cde-48f823e6428c [none]
[debug] [2025-04-23T03:52:39.480Z] <<< [apiv2][status] GET https://firebaserules.googleapis.com/v1/projects/donezo10094/rulesets/c8bc5514-fc2e-4044-9cde-48f823e6428c 200
[debug] [2025-04-23T03:52:39.480Z] <<< [apiv2][body] GET https://firebaserules.googleapis.com/v1/projects/donezo10094/rulesets/c8bc5514-fc2e-4044-9cde-48f823e6428c [omitted]
[info] 
[info] Firestore indexes allow you to perform complex queries while
[info] maintaining performance that scales with the size of the result
[info] set. You can keep index definitions in your project directory
[info] and publish them with firebase deploy.
[info] 
[debug] [2025-04-23T03:52:42.305Z] Checked if tokens are valid: true, expires at: 1745383942847
[debug] [2025-04-23T03:52:42.305Z] Checked if tokens are valid: true, expires at: 1745383942847
[debug] [2025-04-23T03:52:42.305Z] Checked if tokens are valid: true, expires at: 1745383942847
[debug] [2025-04-23T03:52:42.306Z] Checked if tokens are valid: true, expires at: 1745383942847
[debug] [2025-04-23T03:52:42.306Z] >>> [apiv2][query] GET https://firestore.googleapis.com/v1/projects/donezo10094/databases/(default)/collectionGroups/-/indexes [none]
[debug] [2025-04-23T03:52:42.307Z] >>> [apiv2][query] GET https://firestore.googleapis.com/v1/projects/donezo10094/databases/(default)/collectionGroups/-/fields?filter=indexConfig.usesAncestorConfig=false OR ttlConfig:* [none]
[debug] [2025-04-23T03:52:42.417Z] <<< [apiv2][status] GET https://firestore.googleapis.com/v1/projects/donezo10094/databases/(default)/collectionGroups/-/indexes 200
[debug] [2025-04-23T03:52:42.417Z] <<< [apiv2][body] GET https://firestore.googleapis.com/v1/projects/donezo10094/databases/(default)/collectionGroups/-/indexes {"indexes":[{"name":"projects/donezo10094/databases/(default)/collectionGroups/chat-messages/indexes/CICAgOjXh4EK","queryScope":"COLLECTION","fields":[{"fieldPath":"issueId","order":"ASCENDING"},{"fieldPath":"timestamp","order":"ASCENDING"},{"fieldPath":"__name__","order":"ASCENDING"}],"state":"READY","density":"SPARSE_ALL"}]}
[debug] [2025-04-23T03:52:42.417Z] <<< [apiv2][status] GET https://firestore.googleapis.com/v1/projects/donezo10094/databases/(default)/collectionGroups/-/fields?filter=indexConfig.usesAncestorConfig=false OR ttlConfig:* 200
[debug] [2025-04-23T03:52:42.418Z] <<< [apiv2][body] GET https://firestore.googleapis.com/v1/projects/donezo10094/databases/(default)/collectionGroups/-/fields?filter=indexConfig.usesAncestorConfig=false OR ttlConfig:* {"fields":[{"name":"projects/donezo10094/databases/(default)/collectionGroups/__default__/fields/*","indexConfig":{"indexes":[{"queryScope":"COLLECTION","fields":[{"fieldPath":"*","order":"ASCENDING"}],"state":"READY"},{"queryScope":"COLLECTION","fields":[{"fieldPath":"*","order":"DESCENDING"}],"state":"READY"},{"queryScope":"COLLECTION","fields":[{"fieldPath":"*","arrayConfig":"CONTAINS"}],"state":"READY"}]}}]}
[info] 
=== Functions Setup
[debug] [2025-04-23T03:52:42.419Z] > command requires scopes: ["email","openid","https://www.googleapis.com/auth/cloudplatformprojects.readonly","https://www.googleapis.com/auth/firebase","https://www.googleapis.com/auth/cloud-platform"]
[debug] [2025-04-23T03:52:42.420Z] > authorizing via signed-in user (hinata.miyauchi@pathoslogos.co.jp)
[debug] [2025-04-23T03:52:42.420Z] [iam] checking project donezo10094 for permissions ["firebase.projects.get"]
[debug] [2025-04-23T03:52:42.420Z] Checked if tokens are valid: true, expires at: 1745383942847
[debug] [2025-04-23T03:52:42.420Z] Checked if tokens are valid: true, expires at: 1745383942847
[debug] [2025-04-23T03:52:42.420Z] >>> [apiv2][query] POST https://cloudresourcemanager.googleapis.com/v1/projects/donezo10094:testIamPermissions [none]
[debug] [2025-04-23T03:52:42.420Z] >>> [apiv2][(partial)header] POST https://cloudresourcemanager.googleapis.com/v1/projects/donezo10094:testIamPermissions x-goog-quota-user=projects/donezo10094
[debug] [2025-04-23T03:52:42.420Z] >>> [apiv2][body] POST https://cloudresourcemanager.googleapis.com/v1/projects/donezo10094:testIamPermissions {"permissions":["firebase.projects.get"]}
[debug] [2025-04-23T03:52:43.088Z] <<< [apiv2][status] POST https://cloudresourcemanager.googleapis.com/v1/projects/donezo10094:testIamPermissions 200
[debug] [2025-04-23T03:52:43.089Z] <<< [apiv2][body] POST https://cloudresourcemanager.googleapis.com/v1/projects/donezo10094:testIamPermissions {"permissions":["firebase.projects.get"]}
[debug] [2025-04-23T03:52:43.090Z] Checked if tokens are valid: true, expires at: 1745383942847
[debug] [2025-04-23T03:52:43.090Z] Checked if tokens are valid: true, expires at: 1745383942847
[debug] [2025-04-23T03:52:43.090Z] Checked if tokens are valid: true, expires at: 1745383942847
[debug] [2025-04-23T03:52:43.090Z] Checked if tokens are valid: true, expires at: 1745383942847
[debug] [2025-04-23T03:52:43.091Z] >>> [apiv2][query] GET https://serviceusage.googleapis.com/v1/projects/donezo10094/services/cloudfunctions.googleapis.com [none]
[debug] [2025-04-23T03:52:43.091Z] >>> [apiv2][(partial)header] GET https://serviceusage.googleapis.com/v1/projects/donezo10094/services/cloudfunctions.googleapis.com x-goog-quota-user=projects/donezo10094
[debug] [2025-04-23T03:52:43.092Z] >>> [apiv2][query] GET https://serviceusage.googleapis.com/v1/projects/donezo10094/services/runtimeconfig.googleapis.com [none]
[debug] [2025-04-23T03:52:43.092Z] >>> [apiv2][(partial)header] GET https://serviceusage.googleapis.com/v1/projects/donezo10094/services/runtimeconfig.googleapis.com x-goog-quota-user=projects/donezo10094
[debug] [2025-04-23T03:52:43.676Z] <<< [apiv2][status] GET https://serviceusage.googleapis.com/v1/projects/donezo10094/services/cloudfunctions.googleapis.com 200
[debug] [2025-04-23T03:52:43.676Z] <<< [apiv2][body] GET https://serviceusage.googleapis.com/v1/projects/donezo10094/services/cloudfunctions.googleapis.com [omitted]
[debug] [2025-04-23T03:52:44.091Z] <<< [apiv2][status] GET https://serviceusage.googleapis.com/v1/projects/donezo10094/services/runtimeconfig.googleapis.com 200
[debug] [2025-04-23T03:52:44.091Z] <<< [apiv2][body] GET https://serviceusage.googleapis.com/v1/projects/donezo10094/services/runtimeconfig.googleapis.com [omitted]
[info] 
Detected existing codebase(s): default

